<?xml version="1.0" encoding="UTF-8"?>
<!-- Generated by org.testng.reporters.JUnitReportReporter -->
<testsuite hostname="Ibrahims-MBP" failures="0" tests="1" name="com.nopcommerce.test.LoginPageTest" time="11.272" errors="0" timestamp="2020-10-24T17:36:20 EDT" skipped="0">
  <testcase classname="com.nopcommerce.test.LoginPageTest" name="loginTest" time="11.272"/>
  <system-out/>
</testsuite> <!-- com.nopcommerce.test.LoginPageTest -->
