<?xml version="1.0" encoding="UTF-8"?>
<!-- Generated by org.testng.reporters.JUnitReportReporter -->
<testsuite hostname="Ibrahims-MBP" failures="0" tests="1" name="com.nopcommerce.base.Browser" time="2.343" errors="0" timestamp="2020-10-24T01:06:14 EDT" skipped="0">
  <testcase classname="com.nopcommerce.base.Browser" name="openBrowser" time="2.343"/>
  <system-out/>
</testsuite> <!-- com.nopcommerce.base.Browser -->
